{
  "RSpec": {
    "coverage": {
      "/Users/chelseajohnson/Documents/turing/3module/api_curious/app/helpers/application_helper.rb": [
        1,
        1,
        48,
        null,
        null
      ],
      "/Users/chelseajohnson/Documents/turing/3module/api_curious/app/models/blog.rb": [
        1,
        1,
        null,
        1,
        61,
        61,
        null,
        null,
        1,
        2,
        null,
        null,
        1,
        2,
        null,
        null,
        1,
        1,
        null,
        null,
        1,
        2,
        2,
        4,
        null,
        null,
        null,
        1,
        10,
        null,
        null,
        1,
        6,
        6,
        54,
        null,
        null,
        null,
        1,
        2550,
        null,
        null,
        1,
        1,
        null,
        null,
        1,
        1,
        null,
        null,
        1,
        null,
        1,
        4,
        null,
        null,
        1,
        1,
        null,
        null,
        1,
        2,
        null,
        null,
        1,
        50,
        null,
        null,
        1,
        6,
        null,
        null,
        null
      ],
      "/Users/chelseajohnson/Documents/turing/3module/api_curious/app/models/user.rb": [
        1,
        null,
        1,
        1,
        1,
        1,
        1,
        1,
        null,
        null,
        null
      ],
      "/Users/chelseajohnson/Documents/turing/3module/api_curious/app/services/tumblr_service.rb": [
        1,
        1,
        null,
        1,
        null,
        1,
        70,
        70,
        null,
        null,
        1,
        5,
        5,
        null,
        null,
        1,
        4,
        4,
        null,
        null,
        1,
        52,
        52,
        null,
        null,
        1,
        2,
        2,
        null,
        null,
        1,
        1,
        1,
        1,
        null,
        null,
        1,
        1,
        1,
        1,
        null,
        null,
        null,
        1,
        7,
        7,
        7,
        null,
        null,
        1,
        9,
        9,
        9,
        9,
        9,
        null,
        null,
        null,
        null,
        null,
        null,
        null,
        null,
        null,
        null,
        null,
        null,
        null,
        null,
        null,
        null,
        null,
        null,
        null,
        null,
        null,
        null,
        null,
        null,
        null,
        null,
        null,
        null,
        null,
        null,
        null,
        null,
        null,
        null,
        null,
        null,
        null,
        null,
        null,
        null,
        null,
        null,
        null,
        null,
        null,
        null,
        null,
        null,
        null,
        null,
        null,
        1,
        null,
        1,
        61,
        null,
        null,
        null
      ],
      "/Users/chelseajohnson/Documents/turing/3module/api_curious/app/controllers/application_controller.rb": [
        1,
        null,
        null,
        1,
        1,
        null,
        1,
        17,
        null,
        null,
        1,
        0,
        null,
        null
      ],
      "/Users/chelseajohnson/Documents/turing/3module/api_curious/app/controllers/home_controller.rb": [
        1,
        null,
        1,
        7,
        6,
        null,
        null,
        null,
        1,
        2,
        1,
        1,
        1,
        1,
        1,
        1,
        1,
        null,
        null,
        null,
        1,
        null,
        1,
        2,
        null,
        null
      ],
      "/Users/chelseajohnson/Documents/turing/3module/api_curious/app/controllers/sessions_controller.rb": [
        1,
        1,
        1,
        1,
        null,
        1,
        null,
        null,
        1,
        0,
        0,
        null,
        null
      ],
      "/Users/chelseajohnson/Documents/turing/3module/api_curious/app/controllers/users_controller.rb": [
        1,
        1,
        1,
        null,
        null,
        null,
        1,
        1,
        null,
        null,
        null,
        null,
        null,
        null,
        null,
        null,
        null,
        null,
        null,
        null,
        null
      ]
    },
    "timestamp": 1460062205
  }
}
